<?xml version="1.0" encoding="UTF-8"?>
<testng-results skipped="0" failed="0" ignored="0" total="2" passed="2">
  <reporter-output>
  </reporter-output>
  <suite name="Default suite" duration-ms="64" started-at="2018-12-22T07:00:52Z" finished-at="2018-12-22T07:00:52Z">
    <groups>
    </groups>
    <test name="Default test" duration-ms="64" started-at="2018-12-22T07:00:52Z" finished-at="2018-12-22T07:00:52Z">
      <class name="sel.Script">
        <test-method status="PASS" signature="a()[pri:0, instance:sel.Script@711f39f9]" name="a" duration-ms="15" started-at="2018-12-22T12:30:52Z" finished-at="2018-12-22T12:30:52Z">
          <reporter-output>
          </reporter-output>
        </test-method> <!-- a -->
        <test-method status="PASS" signature="b()[pri:0, instance:sel.Script@711f39f9]" name="b" duration-ms="0" started-at="2018-12-22T12:30:52Z" finished-at="2018-12-22T12:30:52Z">
          <reporter-output>
          </reporter-output>
        </test-method> <!-- b -->
      </class> <!-- sel.Script -->
    </test> <!-- Default test -->
  </suite> <!-- Default suite -->
</testng-results>
